[2026-03-25 01:10:41] 1025 httpx - INFO - HTTP Request: GET https://dagshub.com/api/v1/user "HTTP/1.1 200 OK"
[2026-03-25 01:10:41] 107 dagshub - INFO - Accessing as davidayman123
[2026-03-25 01:10:43] 1025 httpx - INFO - HTTP Request: GET https://dagshub.com/api/v1/repos/davidayman123/Network_Security "HTTP/1.1 200 OK"
[2026-03-25 01:10:44] 1025 httpx - INFO - HTTP Request: GET https://dagshub.com/api/v1/user "HTTP/1.1 200 OK"
[2026-03-25 01:10:44] 107 dagshub - INFO - Initialized MLflow to track repo "davidayman123/Network_Security"
[2026-03-25 01:10:44] 107 dagshub - INFO - Repository davidayman123/Network_Security initialized!
[2026-03-25 01:10:44] 16 root - INFO - Starting the data ingestion component
[2026-03-25 01:11:16] 88 root - WARNING - MongoDB TLS handshake failed. Falling back to local dataset. Original error: SSL handshake failed: ac-qklrv98-shard-00-01.nqugzjv.mongodb.net:27017: [SSL: TLSV1_ALERT_INTERNAL_ERROR] tlsv1 alert internal error (_ssl.c:1028) (configured timeouts: socketTimeoutMS: 20000.0ms, connectTimeoutMS: 20000.0ms),SSL handshake failed: ac-qklrv98-shard-00-00.nqugzjv.mongodb.net:27017: [SSL: TLSV1_ALERT_INTERNAL_ERROR] tlsv1 alert internal error (_ssl.c:1028) (configured timeouts: socketTimeoutMS: 20000.0ms, connectTimeoutMS: 20000.0ms),SSL handshake failed: ac-qklrv98-shard-00-02.nqugzjv.mongodb.net:27017: [SSL: TLSV1_ALERT_INTERNAL_ERROR] tlsv1 alert internal error (_ssl.c:1028) (configured timeouts: socketTimeoutMS: 20000.0ms, connectTimeoutMS: 20000.0ms), Timeout: 30.0s, Topology Description: <TopologyDescription id: 69c319f5435d3d22bc0d92c9, topology_type: ReplicaSetNoPrimary, servers: [<ServerDescription ('ac-qklrv98-shard-00-00.nqugzjv.mongodb.net', 27017) server_type: Unknown, rtt: None, error=AutoReconnect('SSL handshake failed: ac-qklrv98-shard-00-00.nqugzjv.mongodb.net:27017: [SSL: TLSV1_ALERT_INTERNAL_ERROR] tlsv1 alert internal error (_ssl.c:1028) (configured timeouts: socketTimeoutMS: 20000.0ms, connectTimeoutMS: 20000.0ms)')>, <ServerDescription ('ac-qklrv98-shard-00-01.nqugzjv.mongodb.net', 27017) server_type: Unknown, rtt: None, error=AutoReconnect('SSL handshake failed: ac-qklrv98-shard-00-01.nqugzjv.mongodb.net:27017: [SSL: TLSV1_ALERT_INTERNAL_ERROR] tlsv1 alert internal error (_ssl.c:1028) (configured timeouts: socketTimeoutMS: 20000.0ms, connectTimeoutMS: 20000.0ms)')>, <ServerDescription ('ac-qklrv98-shard-00-02.nqugzjv.mongodb.net', 27017) server_type: Unknown, rtt: None, error=AutoReconnect('SSL handshake failed: ac-qklrv98-shard-00-02.nqugzjv.mongodb.net:27017: [SSL: TLSV1_ALERT_INTERNAL_ERROR] tlsv1 alert internal error (_ssl.c:1028) (configured timeouts: socketTimeoutMS: 20000.0ms, connectTimeoutMS: 20000.0ms)')>]>
[2026-03-25 01:11:16] 41 root - INFO - Loading fallback dataset from local path: Network_Data\phisingData.csv
[2026-03-25 01:11:16] 113 root - INFO - Performed train test split on the dataframe
[2026-03-25 01:11:16] 115 root - INFO - Exited split_data_as_train_test method of Data_Ingestion class
[2026-03-25 01:11:16] 123 root - INFO - Exporting train and test file path.
[2026-03-25 01:11:16] 132 root - INFO - Exported train and test file path.
[2026-03-25 01:11:16] 18 root - INFO - Data ingestion component completed
[2026-03-25 01:11:16] 22 root - INFO - Starting the data validation component
[2026-03-25 01:11:17] 30 root - INFO - Required number of columns: 31
[2026-03-25 01:11:17] 31 root - INFO - Dataframe has columns: 31
[2026-03-25 01:11:17] 30 root - INFO - Required number of columns: 31
[2026-03-25 01:11:17] 31 root - INFO - Dataframe has columns: 31
[2026-03-25 01:11:17] 24 root - INFO - Data validation component completed
[2026-03-25 01:11:17] 27 root - INFO - Starting the data transformation component
[2026-03-25 01:11:17] 57 root - INFO - Entered initiate_data_transformation method of DataTransformation class
[2026-03-25 01:11:17] 59 root - INFO - Starting data transformation
[2026-03-25 01:11:17] 42 root - INFO - Entered get_data_trnasformer_object method of Trnasformation class
[2026-03-25 01:11:17] 47 root - INFO - Initialise KNNImputer with {'missing_values': nan, 'n_neighbors': 3, 'weights': 'uniform'}
[2026-03-25 01:11:17] 30 root - INFO - Data transformation component completed
[2026-03-25 01:11:17] 32 root - INFO - Starting the model trainer component
[2026-03-25 01:17:30] 146 root - INFO - Model trainer artifact: ModelTrainerArtifact(trained_model_file_path='Artifacts\\03_25_2026_01_10_34\\model_trainer\\trained_model\\model.pkl', train_metric_artifact=ClassificationMetricArtifact(f1_score=0.9910001011224593, precision_score=0.9892994144962649, recall_score=0.9927066450567261), test_metric_artifact=ClassificationMetricArtifact(f1_score=0.9727087576374746, precision_score=0.9675850891410048, recall_score=0.9778869778869779))
[2026-03-25 01:17:30] 36 root - INFO - Model trainer component completed
