[2026-03-25 01:21:25] 1025 httpx - INFO - HTTP Request: GET https://dagshub.com/api/v1/user "HTTP/1.1 200 OK"
[2026-03-25 01:21:25] 107 dagshub - INFO - Accessing as davidayman123
[2026-03-25 01:21:26] 1025 httpx - INFO - HTTP Request: GET https://dagshub.com/api/v1/repos/davidayman123/Network_Security "HTTP/1.1 200 OK"
[2026-03-25 01:21:27] 1025 httpx - INFO - HTTP Request: GET https://dagshub.com/api/v1/user "HTTP/1.1 200 OK"
[2026-03-25 01:21:27] 107 dagshub - INFO - Initialized MLflow to track repo "davidayman123/Network_Security"
[2026-03-25 01:21:27] 107 dagshub - INFO - Repository davidayman123/Network_Security initialized!
[2026-03-25 01:23:53] 42 root - INFO - Start data Ingestion
[2026-03-25 01:24:26] 88 root - WARNING - MongoDB TLS handshake failed. Falling back to local dataset. Original error: SSL handshake failed: ac-qklrv98-shard-00-01.nqugzjv.mongodb.net:27017: [SSL: TLSV1_ALERT_INTERNAL_ERROR] tlsv1 alert internal error (_ssl.c:1028) (configured timeouts: socketTimeoutMS: 20000.0ms, connectTimeoutMS: 20000.0ms),SSL handshake failed: ac-qklrv98-shard-00-00.nqugzjv.mongodb.net:27017: [SSL: TLSV1_ALERT_INTERNAL_ERROR] tlsv1 alert internal error (_ssl.c:1028) (configured timeouts: socketTimeoutMS: 20000.0ms, connectTimeoutMS: 20000.0ms),SSL handshake failed: ac-qklrv98-shard-00-02.nqugzjv.mongodb.net:27017: [SSL: TLSV1_ALERT_INTERNAL_ERROR] tlsv1 alert internal error (_ssl.c:1028) (configured timeouts: socketTimeoutMS: 20000.0ms, connectTimeoutMS: 20000.0ms), Timeout: 30.0s, Topology Description: <TopologyDescription id: 69c31d0a28c0112fa88460e4, topology_type: ReplicaSetNoPrimary, servers: [<ServerDescription ('ac-qklrv98-shard-00-00.nqugzjv.mongodb.net', 27017) server_type: Unknown, rtt: None, error=AutoReconnect('SSL handshake failed: ac-qklrv98-shard-00-00.nqugzjv.mongodb.net:27017: [SSL: TLSV1_ALERT_INTERNAL_ERROR] tlsv1 alert internal error (_ssl.c:1028) (configured timeouts: socketTimeoutMS: 20000.0ms, connectTimeoutMS: 20000.0ms)')>, <ServerDescription ('ac-qklrv98-shard-00-01.nqugzjv.mongodb.net', 27017) server_type: Unknown, rtt: None, error=AutoReconnect('SSL handshake failed: ac-qklrv98-shard-00-01.nqugzjv.mongodb.net:27017: [SSL: TLSV1_ALERT_INTERNAL_ERROR] tlsv1 alert internal error (_ssl.c:1028) (configured timeouts: socketTimeoutMS: 20000.0ms, connectTimeoutMS: 20000.0ms)')>, <ServerDescription ('ac-qklrv98-shard-00-02.nqugzjv.mongodb.net', 27017) server_type: Unknown, rtt: None, error=AutoReconnect('SSL handshake failed: ac-qklrv98-shard-00-02.nqugzjv.mongodb.net:27017: [SSL: TLSV1_ALERT_INTERNAL_ERROR] tlsv1 alert internal error (_ssl.c:1028) (configured timeouts: socketTimeoutMS: 20000.0ms, connectTimeoutMS: 20000.0ms)')>]>
[2026-03-25 01:24:26] 41 root - INFO - Loading fallback dataset from local path: Network_Data\phisingData.csv
[2026-03-25 01:24:26] 113 root - INFO - Performed train test split on the dataframe
[2026-03-25 01:24:26] 115 root - INFO - Exited split_data_as_train_test method of Data_Ingestion class
[2026-03-25 01:24:26] 123 root - INFO - Exporting train and test file path.
[2026-03-25 01:24:26] 132 root - INFO - Exported train and test file path.
[2026-03-25 01:24:26] 45 root - INFO - Data Ingestion completed and artifact: DataIngestionArtifact(trained_file_path='Artifacts\\03_25_2026_01_21_18\\data_ingestion\\ingested\\train.csv', test_file_path='Artifacts\\03_25_2026_01_21_18\\data_ingestion\\ingested\\test.csv')
[2026-03-25 01:24:26] 55 root - INFO - Initiate the data Validation
[2026-03-25 01:24:26] 30 root - INFO - Required number of columns: 31
[2026-03-25 01:24:26] 31 root - INFO - Dataframe has columns: 31
[2026-03-25 01:24:26] 30 root - INFO - Required number of columns: 31
[2026-03-25 01:24:26] 31 root - INFO - Dataframe has columns: 31
[2026-03-25 01:24:26] 57 root - INFO - Entered initiate_data_transformation method of DataTransformation class
[2026-03-25 01:24:26] 59 root - INFO - Starting data transformation
[2026-03-25 01:24:26] 42 root - INFO - Entered get_data_trnasformer_object method of Trnasformation class
[2026-03-25 01:24:26] 47 root - INFO - Initialise KNNImputer with {'missing_values': nan, 'n_neighbors': 3, 'weights': 'uniform'}
[2026-03-25 01:30:14] 146 root - INFO - Model trainer artifact: ModelTrainerArtifact(trained_model_file_path='Artifacts\\03_25_2026_01_21_18\\model_trainer\\trained_model\\model.pkl', train_metric_artifact=ClassificationMetricArtifact(f1_score=0.9906882591093117, precision_score=0.9880880274581062, recall_score=0.9933022122995738), test_metric_artifact=ClassificationMetricArtifact(f1_score=0.978225806451613, precision_score=0.9704, recall_score=0.9861788617886179))
