[2026-04-09 02:00:05] 1025 httpx - INFO - HTTP Request: GET https://dagshub.com/api/v1/user "HTTP/1.1 200 OK"
[2026-04-09 02:00:05] 107 dagshub - INFO - Accessing as davidayman123
[2026-04-09 02:00:07] 1025 httpx - INFO - HTTP Request: GET https://dagshub.com/api/v1/repos/davidayman123/Network_Security "HTTP/1.1 200 OK"
[2026-04-09 02:00:08] 1025 httpx - INFO - HTTP Request: GET https://dagshub.com/api/v1/user "HTTP/1.1 200 OK"
[2026-04-09 02:00:08] 107 dagshub - INFO - Initialized MLflow to track repo "davidayman123/Network_Security"
[2026-04-09 02:00:08] 107 dagshub - INFO - Repository davidayman123/Network_Security initialized!
[2026-04-09 02:02:40] 42 root - INFO - Start data Ingestion
[2026-04-09 02:03:13] 88 root - WARNING - MongoDB TLS handshake failed. Falling back to local dataset. Original error: ac-qklrv98-shard-00-02.nqugzjv.mongodb.net:27017: timed out (configured timeouts: socketTimeoutMS: 20000.0ms, connectTimeoutMS: 20000.0ms),ac-qklrv98-shard-00-00.nqugzjv.mongodb.net:27017: timed out (configured timeouts: socketTimeoutMS: 20000.0ms, connectTimeoutMS: 20000.0ms),ac-qklrv98-shard-00-01.nqugzjv.mongodb.net:27017: timed out (configured timeouts: socketTimeoutMS: 20000.0ms, connectTimeoutMS: 20000.0ms), Timeout: 30.0s, Topology Description: <TopologyDescription id: 69d6eca1f880d7ee4a7b1473, topology_type: ReplicaSetNoPrimary, servers: [<ServerDescription ('ac-qklrv98-shard-00-00.nqugzjv.mongodb.net', 27017) server_type: Unknown, rtt: None, error=NetworkTimeout('ac-qklrv98-shard-00-00.nqugzjv.mongodb.net:27017: timed out (configured timeouts: socketTimeoutMS: 20000.0ms, connectTimeoutMS: 20000.0ms)')>, <ServerDescription ('ac-qklrv98-shard-00-01.nqugzjv.mongodb.net', 27017) server_type: Unknown, rtt: None, error=NetworkTimeout('ac-qklrv98-shard-00-01.nqugzjv.mongodb.net:27017: timed out (configured timeouts: socketTimeoutMS: 20000.0ms, connectTimeoutMS: 20000.0ms)')>, <ServerDescription ('ac-qklrv98-shard-00-02.nqugzjv.mongodb.net', 27017) server_type: Unknown, rtt: None, error=NetworkTimeout('ac-qklrv98-shard-00-02.nqugzjv.mongodb.net:27017: timed out (configured timeouts: socketTimeoutMS: 20000.0ms, connectTimeoutMS: 20000.0ms)')>]>
[2026-04-09 02:03:13] 41 root - INFO - Loading fallback dataset from local path: Network_Data\phisingData.csv
[2026-04-09 02:03:13] 113 root - INFO - Performed train test split on the dataframe
[2026-04-09 02:03:13] 115 root - INFO - Exited split_data_as_train_test method of Data_Ingestion class
[2026-04-09 02:03:13] 123 root - INFO - Exporting train and test file path.
[2026-04-09 02:03:13] 132 root - INFO - Exported train and test file path.
[2026-04-09 02:03:13] 45 root - INFO - Data Ingestion completed and artifact: DataIngestionArtifact(trained_file_path='Artifacts\\04_09_2026_01_59_58\\data_ingestion\\ingested\\train.csv', test_file_path='Artifacts\\04_09_2026_01_59_58\\data_ingestion\\ingested\\test.csv')
[2026-04-09 02:03:13] 55 root - INFO - Initiate the data Validation
[2026-04-09 02:03:13] 30 root - INFO - Required number of columns: 31
[2026-04-09 02:03:13] 31 root - INFO - Dataframe has columns: 31
[2026-04-09 02:03:13] 30 root - INFO - Required number of columns: 31
[2026-04-09 02:03:13] 31 root - INFO - Dataframe has columns: 31
[2026-04-09 02:03:13] 57 root - INFO - Entered initiate_data_transformation method of DataTransformation class
[2026-04-09 02:03:13] 59 root - INFO - Starting data transformation
[2026-04-09 02:03:13] 42 root - INFO - Entered get_data_trnasformer_object method of Trnasformation class
[2026-04-09 02:03:13] 47 root - INFO - Initialise KNNImputer with {'missing_values': nan, 'n_neighbors': 3, 'weights': 'uniform'}
[2026-04-09 02:09:55] 42 root - INFO - Start data Ingestion
[2026-04-09 02:10:26] 88 root - WARNING - MongoDB TLS handshake failed. Falling back to local dataset. Original error: ac-qklrv98-shard-00-02.nqugzjv.mongodb.net:27017: timed out (configured timeouts: socketTimeoutMS: 20000.0ms, connectTimeoutMS: 20000.0ms),ac-qklrv98-shard-00-00.nqugzjv.mongodb.net:27017: timed out (configured timeouts: socketTimeoutMS: 20000.0ms, connectTimeoutMS: 20000.0ms),ac-qklrv98-shard-00-01.nqugzjv.mongodb.net:27017: timed out (configured timeouts: socketTimeoutMS: 20000.0ms, connectTimeoutMS: 20000.0ms), Timeout: 30.0s, Topology Description: <TopologyDescription id: 69d6ee53f880d7ee4a7b1474, topology_type: ReplicaSetNoPrimary, servers: [<ServerDescription ('ac-qklrv98-shard-00-00.nqugzjv.mongodb.net', 27017) server_type: Unknown, rtt: None, error=NetworkTimeout('ac-qklrv98-shard-00-00.nqugzjv.mongodb.net:27017: timed out (configured timeouts: socketTimeoutMS: 20000.0ms, connectTimeoutMS: 20000.0ms)')>, <ServerDescription ('ac-qklrv98-shard-00-01.nqugzjv.mongodb.net', 27017) server_type: Unknown, rtt: None, error=NetworkTimeout('ac-qklrv98-shard-00-01.nqugzjv.mongodb.net:27017: timed out (configured timeouts: socketTimeoutMS: 20000.0ms, connectTimeoutMS: 20000.0ms)')>, <ServerDescription ('ac-qklrv98-shard-00-02.nqugzjv.mongodb.net', 27017) server_type: Unknown, rtt: None, error=NetworkTimeout('ac-qklrv98-shard-00-02.nqugzjv.mongodb.net:27017: timed out (configured timeouts: socketTimeoutMS: 20000.0ms, connectTimeoutMS: 20000.0ms)')>]>
[2026-04-09 02:10:26] 41 root - INFO - Loading fallback dataset from local path: Network_Data\phisingData.csv
[2026-04-09 02:10:26] 113 root - INFO - Performed train test split on the dataframe
[2026-04-09 02:10:26] 115 root - INFO - Exited split_data_as_train_test method of Data_Ingestion class
[2026-04-09 02:10:26] 123 root - INFO - Exporting train and test file path.
[2026-04-09 02:10:27] 132 root - INFO - Exported train and test file path.
[2026-04-09 02:10:27] 45 root - INFO - Data Ingestion completed and artifact: DataIngestionArtifact(trained_file_path='Artifacts\\04_09_2026_01_59_58\\data_ingestion\\ingested\\train.csv', test_file_path='Artifacts\\04_09_2026_01_59_58\\data_ingestion\\ingested\\test.csv')
[2026-04-09 02:10:27] 55 root - INFO - Initiate the data Validation
[2026-04-09 02:10:27] 30 root - INFO - Required number of columns: 31
[2026-04-09 02:10:27] 31 root - INFO - Dataframe has columns: 31
[2026-04-09 02:10:27] 30 root - INFO - Required number of columns: 31
[2026-04-09 02:10:27] 31 root - INFO - Dataframe has columns: 31
[2026-04-09 02:10:27] 57 root - INFO - Entered initiate_data_transformation method of DataTransformation class
[2026-04-09 02:10:27] 59 root - INFO - Starting data transformation
[2026-04-09 02:10:27] 42 root - INFO - Entered get_data_trnasformer_object method of Trnasformation class
[2026-04-09 02:10:27] 47 root - INFO - Initialise KNNImputer with {'missing_values': nan, 'n_neighbors': 3, 'weights': 'uniform'}
