[2026-03-24 22:05:49] 16 root - INFO - Starting the data ingestion component
[2026-03-24 22:06:20] 88 root - WARNING - MongoDB TLS handshake failed. Falling back to local dataset. Original error: SSL handshake failed: ac-qklrv98-shard-00-00.nqugzjv.mongodb.net:27017: [SSL: TLSV1_ALERT_INTERNAL_ERROR] tlsv1 alert internal error (_ssl.c:1028) (configured timeouts: socketTimeoutMS: 20000.0ms, connectTimeoutMS: 20000.0ms),SSL handshake failed: ac-qklrv98-shard-00-02.nqugzjv.mongodb.net:27017: [SSL: TLSV1_ALERT_INTERNAL_ERROR] tlsv1 alert internal error (_ssl.c:1028) (configured timeouts: socketTimeoutMS: 20000.0ms, connectTimeoutMS: 20000.0ms),SSL handshake failed: ac-qklrv98-shard-00-01.nqugzjv.mongodb.net:27017: [SSL: TLSV1_ALERT_INTERNAL_ERROR] tlsv1 alert internal error (_ssl.c:1028) (configured timeouts: socketTimeoutMS: 20000.0ms, connectTimeoutMS: 20000.0ms), Timeout: 30.0s, Topology Description: <TopologyDescription id: 69c2ee9d1a7cd077f2e4fbfe, topology_type: ReplicaSetNoPrimary, servers: [<ServerDescription ('ac-qklrv98-shard-00-00.nqugzjv.mongodb.net', 27017) server_type: Unknown, rtt: None, error=AutoReconnect('SSL handshake failed: ac-qklrv98-shard-00-00.nqugzjv.mongodb.net:27017: [SSL: TLSV1_ALERT_INTERNAL_ERROR] tlsv1 alert internal error (_ssl.c:1028) (configured timeouts: socketTimeoutMS: 20000.0ms, connectTimeoutMS: 20000.0ms)')>, <ServerDescription ('ac-qklrv98-shard-00-01.nqugzjv.mongodb.net', 27017) server_type: Unknown, rtt: None, error=AutoReconnect('SSL handshake failed: ac-qklrv98-shard-00-01.nqugzjv.mongodb.net:27017: [SSL: TLSV1_ALERT_INTERNAL_ERROR] tlsv1 alert internal error (_ssl.c:1028) (configured timeouts: socketTimeoutMS: 20000.0ms, connectTimeoutMS: 20000.0ms)')>, <ServerDescription ('ac-qklrv98-shard-00-02.nqugzjv.mongodb.net', 27017) server_type: Unknown, rtt: None, error=AutoReconnect('SSL handshake failed: ac-qklrv98-shard-00-02.nqugzjv.mongodb.net:27017: [SSL: TLSV1_ALERT_INTERNAL_ERROR] tlsv1 alert internal error (_ssl.c:1028) (configured timeouts: socketTimeoutMS: 20000.0ms, connectTimeoutMS: 20000.0ms)')>]>
[2026-03-24 22:06:20] 41 root - INFO - Loading fallback dataset from local path: Network_Data\phisingData.csv
[2026-03-24 22:06:20] 113 root - INFO - Performed train test split on the dataframe
[2026-03-24 22:06:20] 115 root - INFO - Exited split_data_as_train_test method of Data_Ingestion class
[2026-03-24 22:06:20] 123 root - INFO - Exporting train and test file path.
[2026-03-24 22:06:20] 132 root - INFO - Exported train and test file path.
[2026-03-24 22:06:20] 18 root - INFO - Data ingestion component completed
[2026-03-24 22:06:21] 22 root - INFO - Starting the data validation component
[2026-03-24 22:06:21] 30 root - INFO - Required number of columns: 31
[2026-03-24 22:06:21] 31 root - INFO - Dataframe has columns: 31
[2026-03-24 22:06:21] 30 root - INFO - Required number of columns: 31
[2026-03-24 22:06:21] 31 root - INFO - Dataframe has columns: 31
[2026-03-24 22:06:21] 24 root - INFO - Data validation component completed
[2026-03-24 22:06:21] 27 root - INFO - Starting the data transformation component
[2026-03-24 22:06:21] 57 root - INFO - Entered initiate_data_transformation method of DataTransformation class
[2026-03-24 22:06:21] 59 root - INFO - Starting data transformation
[2026-03-24 22:06:21] 42 root - INFO - Entered get_data_trnasformer_object method of Trnasformation class
[2026-03-24 22:06:21] 47 root - INFO - Initialise KNNImputer with {'missing_values': nan, 'n_neighbors': 3, 'weights': 'uniform'}
[2026-03-24 22:06:21] 30 root - INFO - Data transformation component completed
[2026-03-24 22:06:21] 32 root - INFO - Starting the model trainer component
[2026-03-24 22:11:10] 142 root - INFO - Model trainer artifact: ModelTrainerArtifact(trained_model_file_path='Artifacts\\03_24_2026_22_05_43\\model_trainer\\trained_model\\model.pkl', train_metric_artifact=ClassificationMetricArtifact(f1_score=0.9915151515151515, precision_score=0.9871279163314561, recall_score=0.9959415584415584), test_metric_artifact=ClassificationMetricArtifact(f1_score=0.9762000806776926, precision_score=0.968, recall_score=0.9845402766476811))
[2026-03-24 22:11:10] 36 root - INFO - Model trainer component completed
