[2026-04-08 17:22:35] 1025 httpx - INFO - HTTP Request: GET https://dagshub.com/api/v1/user "HTTP/1.1 200 OK"
[2026-04-08 17:22:35] 107 dagshub - INFO - Accessing as davidayman123
[2026-04-08 17:22:36] 1025 httpx - INFO - HTTP Request: GET https://dagshub.com/api/v1/repos/davidayman123/Network_Security "HTTP/1.1 200 OK"
[2026-04-08 17:22:37] 1025 httpx - INFO - HTTP Request: GET https://dagshub.com/api/v1/user "HTTP/1.1 200 OK"
[2026-04-08 17:22:37] 107 dagshub - INFO - Initialized MLflow to track repo "davidayman123/Network_Security"
[2026-04-08 17:22:37] 107 dagshub - INFO - Repository davidayman123/Network_Security initialized!
[2026-04-08 17:22:44] 42 root - INFO - Start data Ingestion
[2026-04-08 17:23:15] 88 root - WARNING - MongoDB TLS handshake failed. Falling back to local dataset. Original error: ac-qklrv98-shard-00-01.nqugzjv.mongodb.net:27017: timed out (configured timeouts: socketTimeoutMS: 20000.0ms, connectTimeoutMS: 20000.0ms),ac-qklrv98-shard-00-02.nqugzjv.mongodb.net:27017: timed out (configured timeouts: socketTimeoutMS: 20000.0ms, connectTimeoutMS: 20000.0ms),ac-qklrv98-shard-00-00.nqugzjv.mongodb.net:27017: timed out (configured timeouts: socketTimeoutMS: 20000.0ms, connectTimeoutMS: 20000.0ms), Timeout: 30.0s, Topology Description: <TopologyDescription id: 69d672c448f853f45d762c2f, topology_type: ReplicaSetNoPrimary, servers: [<ServerDescription ('ac-qklrv98-shard-00-00.nqugzjv.mongodb.net', 27017) server_type: Unknown, rtt: None, error=NetworkTimeout('ac-qklrv98-shard-00-00.nqugzjv.mongodb.net:27017: timed out (configured timeouts: socketTimeoutMS: 20000.0ms, connectTimeoutMS: 20000.0ms)')>, <ServerDescription ('ac-qklrv98-shard-00-01.nqugzjv.mongodb.net', 27017) server_type: Unknown, rtt: None, error=NetworkTimeout('ac-qklrv98-shard-00-01.nqugzjv.mongodb.net:27017: timed out (configured timeouts: socketTimeoutMS: 20000.0ms, connectTimeoutMS: 20000.0ms)')>, <ServerDescription ('ac-qklrv98-shard-00-02.nqugzjv.mongodb.net', 27017) server_type: Unknown, rtt: None, error=NetworkTimeout('ac-qklrv98-shard-00-02.nqugzjv.mongodb.net:27017: timed out (configured timeouts: socketTimeoutMS: 20000.0ms, connectTimeoutMS: 20000.0ms)')>]>
[2026-04-08 17:23:15] 41 root - INFO - Loading fallback dataset from local path: Network_Data\phisingData.csv
[2026-04-08 17:23:16] 113 root - INFO - Performed train test split on the dataframe
[2026-04-08 17:23:16] 115 root - INFO - Exited split_data_as_train_test method of Data_Ingestion class
[2026-04-08 17:23:16] 123 root - INFO - Exporting train and test file path.
[2026-04-08 17:23:16] 132 root - INFO - Exported train and test file path.
[2026-04-08 17:23:16] 45 root - INFO - Data Ingestion completed and artifact: DataIngestionArtifact(trained_file_path='Artifacts\\04_08_2026_17_22_28\\data_ingestion\\ingested\\train.csv', test_file_path='Artifacts\\04_08_2026_17_22_28\\data_ingestion\\ingested\\test.csv')
[2026-04-08 17:23:16] 55 root - INFO - Initiate the data Validation
[2026-04-08 17:23:16] 30 root - INFO - Required number of columns: 31
[2026-04-08 17:23:16] 31 root - INFO - Dataframe has columns: 31
[2026-04-08 17:23:16] 30 root - INFO - Required number of columns: 31
[2026-04-08 17:23:16] 31 root - INFO - Dataframe has columns: 31
[2026-04-08 17:23:16] 57 root - INFO - Entered initiate_data_transformation method of DataTransformation class
[2026-04-08 17:23:16] 59 root - INFO - Starting data transformation
[2026-04-08 17:23:16] 42 root - INFO - Entered get_data_trnasformer_object method of Trnasformation class
[2026-04-08 17:23:16] 47 root - INFO - Initialise KNNImputer with {'missing_values': nan, 'n_neighbors': 3, 'weights': 'uniform'}
